<?xml version="1.0" encoding="UTF-8"?>
<!-- Generated by org.testng.reporters.JUnitReportReporter -->
<testsuite hostname="TL452" failures="0" tests="1" name="MarcomBios.ConsultantBiography.AppTest" time="61.796" errors="0" timestamp="2023-11-24T17:28:42 IST" skipped="0">
  <testcase classname="MarcomBios.ConsultantBiography.AppTest" name="deleteUser" time="61.796"/>
</testsuite> <!-- MarcomBios.ConsultantBiography.AppTest -->
