<?xml version="1.0" encoding="UTF-8"?>
<!-- Generated by org.testng.reporters.JUnitReportReporter -->
<testsuite hostname="TL452" failures="0" tests="1" name="com.marcombios.utilities.EmailTest" time="2.073" errors="1" timestamp="2023-12-19T15:04:37 IST" skipped="0">
  <testcase classname="com.marcombios.utilities.EmailTest" name="TestEmail" time="2.073">
    <error message="The request failed. The request failed. The remote server returned an error: (401)" type="microsoft.exchange.webservices.data.core.exception.service.remote.ServiceRequestException">
      <![CDATA[microsoft.exchange.webservices.data.core.exception.service.remote.ServiceRequestException: The request failed. The request failed. The remote server returned an error: (401)
at microsoft.exchange.webservices.data.core.request.SimpleServiceRequestBase.internalExecute(SimpleServiceRequestBase.java:74)
at microsoft.exchange.webservices.data.core.request.MultiResponseServiceRequest.execute(MultiResponseServiceRequest.java:158)
at microsoft.exchange.webservices.data.core.ExchangeService.bindToFolder(ExchangeService.java:504)
at microsoft.exchange.webservices.data.core.ExchangeService.bindToFolder(ExchangeService.java:523)
at microsoft.exchange.webservices.data.core.service.folder.Folder.bind(Folder.java:98)
at microsoft.exchange.webservices.data.core.service.folder.Folder.bind(Folder.java:147)
at com.marcombios.pageObjects.ReadOutlook.readEmail(ReadOutlook.java:43)
at com.marcombios.utilities.EmailTest.TestEmail(EmailTest.java:32)
at java.base/jdk.internal.reflect.DirectMethodHandleAccessor.invoke(DirectMethodHandleAccessor.java:103)
at java.base/java.lang.reflect.Method.invoke(Method.java:580)
at org.testng.internal.invokers.MethodInvocationHelper.invokeMethod(MethodInvocationHelper.java:139)
at org.testng.internal.invokers.TestInvoker.invokeMethod(TestInvoker.java:664)
at org.testng.internal.invokers.TestInvoker.invokeTestMethod(TestInvoker.java:227)
at org.testng.internal.invokers.MethodRunner.runInSequence(MethodRunner.java:50)
at org.testng.internal.invokers.TestInvoker$MethodInvocationAgent.invoke(TestInvoker.java:957)
at org.testng.internal.invokers.TestInvoker.invokeTestMethods(TestInvoker.java:200)
at org.testng.internal.invokers.TestMethodWorker.invokeTestMethods(TestMethodWorker.java:148)
at org.testng.internal.invokers.TestMethodWorker.run(TestMethodWorker.java:128)
at java.base/java.util.ArrayList.forEach(ArrayList.java:1596)
at org.testng.TestRunner.privateRun(TestRunner.java:848)
at org.testng.TestRunner.run(TestRunner.java:621)
at org.testng.SuiteRunner.runTest(SuiteRunner.java:443)
at org.testng.SuiteRunner.runSequentially(SuiteRunner.java:437)
at org.testng.SuiteRunner.privateRun(SuiteRunner.java:397)
at org.testng.SuiteRunner.run(SuiteRunner.java:336)
at org.testng.SuiteRunnerWorker.runSuite(SuiteRunnerWorker.java:52)
at org.testng.SuiteRunnerWorker.run(SuiteRunnerWorker.java:95)
at org.testng.TestNG.runSuitesSequentially(TestNG.java:1280)
at org.testng.TestNG.runSuitesLocally(TestNG.java:1200)
at org.testng.TestNG.runSuites(TestNG.java:1114)
at org.testng.TestNG.run(TestNG.java:1082)
at org.testng.remote.AbstractRemoteTestNG.run(AbstractRemoteTestNG.java:115)
at org.testng.remote.RemoteTestNG.initAndRun(RemoteTestNG.java:251)
at org.testng.remote.RemoteTestNG.main(RemoteTestNG.java:77)
Caused by: microsoft.exchange.webservices.data.core.exception.service.remote.ServiceRequestException: The request failed. The remote server returned an error: (401)
at microsoft.exchange.webservices.data.core.request.ServiceRequestBase.validateAndEmitRequest(ServiceRequestBase.java:644)
at microsoft.exchange.webservices.data.core.request.SimpleServiceRequestBase.internalExecute(SimpleServiceRequestBase.java:62)
... 33 more
Caused by: microsoft.exchange.webservices.data.core.exception.http.HttpErrorException: The remote server returned an error: (401)
at microsoft.exchange.webservices.data.core.request.ServiceRequestBase.getEwsHttpWebResponse(ServiceRequestBase.java:723)
at microsoft.exchange.webservices.data.core.request.ServiceRequestBase.validateAndEmitRequest(ServiceRequestBase.java:639)
... 34 more
]]>
    </error>
  </testcase> <!-- TestEmail -->
</testsuite> <!-- com.marcombios.utilities.EmailTest -->
