<?xml version="1.0" encoding="UTF-8"?>
<!-- Generated by org.testng.reporters.JUnitReportReporter -->
<testsuite hostname="TL452" failures="0" tests="4" name="com.marcombios.testCases.BiographyTest" time="174.518" errors="0" timestamp="2023-12-19T18:17:13 IST" skipped="3">
  <testcase classname="com.marcombios.testCases.BiographyTest" name="verifyConsultantSubmissions_TC35353_TC35351" time="174.518"/>
  <testcase classname="com.marcombios.testCases.BiographyTest" name="verifyMenuBar_TC38665">
    <skipped/>
  </testcase> <!-- verifyMenuBar_TC38665 -->
  <testcase classname="com.marcombios.testCases.BiographyTest" name="verifyPreviewandPDFNewBio_TC41209">
    <skipped/>
  </testcase> <!-- verifyPreviewandPDFNewBio_TC41209 -->
  <testcase classname="com.marcombios.testCases.BiographyTest" name="verifyPreviewandPDFExistingBio_TC41210">
    <skipped/>
  </testcase> <!-- verifyPreviewandPDFExistingBio_TC41210 -->
</testsuite> <!-- com.marcombios.testCases.BiographyTest -->
