<?xml version="1.0" encoding="UTF-8"?>
<!-- Generated by org.testng.reporters.JUnitReportReporter -->
<testsuite hostname="TL557" failures="0" tests="2" name="MarcomBios.ConsultantBiography.BiographyTest" time="219.274" errors="0" timestamp="2023-12-11T15:12:58 IST" skipped="1">
  <testcase classname="MarcomBios.ConsultantBiography.BiographyTest" name="verifyConsultantSubmissions_TC35353_TC35351" time="219.274"/>
  <system-out/>
  <testcase classname="MarcomBios.ConsultantBiography.BiographyTest" name="verifyMenuBar_TC38665">
    <skipped/>
  </testcase> <!-- verifyMenuBar_TC38665 -->
  <system-out/>
</testsuite> <!-- MarcomBios.ConsultantBiography.BiographyTest -->
